<?xml version="1.0" encoding="UTF-8"?>
<testsuite xmlns:xsi="http://www.w3.org/2001/XMLSchema-instance" xsi:noNamespaceSchemaLocation="https://maven.apache.org/surefire/maven-surefire-plugin/xsd/surefire-test-report-3.0.xsd" version="3.0" name="runners.TestSuite" time="34.314" tests="8" errors="0" skipped="0" failures="0">
  <properties>
[...]
</properties>
  <testcase name="Open &quot;OrangeHrm&quot;" classname="Login to OrangeHrm with admin and create new user" time="5.353">
    <system-out><![CDATA[
@UI
Scenario Outline: Login to OrangeHrm with admin and create new user                                           &amp#27;[90m# src/test/resources/features/UI.feature:24&amp#27;[0m
]]></system-out>
    <system-err><![CDATA[SLF4J(W): No SLF4J providers were found.
SLF4J(W): Defaulting to no-operation (NOP) logger implementation
SLF4J(W): See https://www.slf4j.org/codes.html#noProviders for further details.
Starting ChromeDriver 123.0.6312.122 (31f8248cdd90acbac59f700b603fed0b5967ca50-refs/branch-heads/6312@{#824}) on port 63428
Only local connections are allowed.
Please see https://chromedriver.chromium.org/security-considerations for suggestions on keeping ChromeDriver safe.
ChromeDriver was started successfully.
Apr 16, 2024 11:27:21 PM org.openqa.selenium.remote.ProtocolHandshake createSession
INFO: Detected upstream dialect: W3C
Apr 16, 2024 11:27:21 PM org.openqa.selenium.devtools.CdpVersionFinder findNearestMatch
WARNING: Unable to find an exact match for CDP version 123, so returning the closest version found: a no-op implementation
Apr 16, 2024 11:27:21 PM org.openqa.selenium.devtools.CdpVersionFinder findNearestMatch
INFO: Unable to find CDP implementation matching 123.
Apr 16, 2024 11:27:21 PM org.openqa.selenium.chromium.ChromiumDriver lambda$new$3
WARNING: Unable to find version of CDP to use for . You may need to include a dependency on a specific version of the CDP using something similar to `org.seleniumhq.selenium:selenium-devtools-v86:4.5.0` where the version ("v86") matches the version of the chromium-based browser you're using and the version number of the artifact is the same as Selenium's.
]]></system-err>
  </testcase>
  <testcase name="I login with &quot;username&quot; and &quot;password&quot; valid" classname="Login to OrangeHrm with admin and create new user" time="0.504">
    <system-out><![CDATA[  &amp#27;[32mGiven &amp#27;[0m&amp#27;[32mOpen "&amp#27;[0m&amp#27;[32m&amp#27;[1mOrangeHrm&amp#27;[0m&amp#27;[32m"&amp#27;[0m                                                                                      &amp#27;[90m# uistepdefs.LoginStepdefs.openPage(java.lang.String)&amp#27;[0m
]]></system-out>
  </testcase>
  <testcase name="I login successfull on Dashboard page" classname="Login to OrangeHrm with admin and create new user" time="1.595">
    <system-out><![CDATA[  &amp#27;[32mWhen &amp#27;[0m&amp#27;[32mI login with &amp#27;[0m&amp#27;[32m&amp#27;[1m"username"&amp#27;[0m&amp#27;[32m and &amp#27;[0m&amp#27;[32m&amp#27;[1m"password"&amp#27;[0m&amp#27;[32m valid&amp#27;[0m                                                           &amp#27;[90m# uistepdefs.LoginStepdefs.iloginwithand(java.lang.String,java.lang.String)&amp#27;[0m
]]></system-out>
  </testcase>
  <testcase name="I Create successfully new Employee with information &quot;Joy&quot; and &quot;Carter&quot; on PIM page" classname="Login to OrangeHrm with admin and create new user" time="8.364">
    <system-out><![CDATA[  &amp#27;[32mAnd &amp#27;[0m&amp#27;[32mI login successfull on Dashboard page&amp#27;[0m                                                                   &amp#27;[90m# uistepdefs.LoginStepdefs.iloginsuccessfulondashboardpage()&amp#27;[0m
]]></system-out>
  </testcase>
  <testcase name="I created new user with &quot;Admin&quot; &quot;Joy Carter&quot; &quot;Enabled&quot; &quot;adminjoycarter&quot; &quot;adminjoycarter1&quot; on Admin page" classname="Login to OrangeHrm with admin and create new user" time="14.674">
    <system-out><![CDATA[  &amp#27;[32mAnd &amp#27;[0m&amp#27;[32mI Create successfully new Employee with information &amp#27;[0m&amp#27;[32m&amp#27;[1m"Joy"&amp#27;[0m&amp#27;[32m and &amp#27;[0m&amp#27;[32m&amp#27;[1m"Carter"&amp#27;[0m&amp#27;[32m on PIM page&amp#27;[0m                      &amp#27;[90m# uistepdefs.PimStepdefs.icreateNewEmployeeWithInformationFirstNameAndLastNameInAddEmployeeOnPimPage(java.lang.String,java.lang.String)&amp#27;[0m
]]></system-out>
  </testcase>
  <testcase name="I logout Admin successfully" classname="Login to OrangeHrm with admin and create new user" time="1.31">
    <system-out><![CDATA[  &amp#27;[32mAnd &amp#27;[0m&amp#27;[32mI created new user with &amp#27;[0m&amp#27;[32m&amp#27;[1m"Admin"&amp#27;[0m&amp#27;[32m &amp#27;[0m&amp#27;[32m&amp#27;[1m"Joy Carter"&amp#27;[0m&amp#27;[32m &amp#27;[0m&amp#27;[32m&amp#27;[1m"Enabled"&amp#27;[0m&amp#27;[32m &amp#27;[0m&amp#27;[32m&amp#27;[1m"adminjoycarter"&amp#27;[0m&amp#27;[32m &amp#27;[0m&amp#27;[32m&amp#27;[1m"adminjoycarter1"&amp#27;[0m&amp#27;[32m on Admin page&amp#27;[0m &amp#27;[90m# uistepdefs.AdminStepdefs.icreateSuccessfullyNewWithInformationOnAdminPage(java.lang.String,java.lang.String,java.lang.String,java.lang.String,java.lang.String)&amp#27;[0m
]]></system-out>
  </testcase>
  <testcase name="I login with &quot;adminjoycarter&quot; and &quot;adminjoycarter1&quot; valid" classname="Login to OrangeHrm with admin and create new user" time="1.264">
    <system-out><![CDATA[  &amp#27;[32mAnd &amp#27;[0m&amp#27;[32mI logout Admin successfully&amp#27;[0m                                                                             &amp#27;[90m# uistepdefs.LoginStepdefs.ilogoutAdminSuccessfully()&amp#27;[0m
]]></system-out>
  </testcase>
  <testcase name="Dashboard page is Displayed with &quot;Joy&quot; &quot;Carter&quot;" classname="Login to OrangeHrm with admin and create new user" time="0.41">
    <system-out><![CDATA[  &amp#27;[32mAnd &amp#27;[0m&amp#27;[32mI login with &amp#27;[0m&amp#27;[32m&amp#27;[1m"adminjoycarter"&amp#27;[0m&amp#27;[32m and &amp#27;[0m&amp#27;[32m&amp#27;[1m"adminjoycarter1"&amp#27;[0m&amp#27;[32m valid&amp#27;[0m                                               &amp#27;[90m# uistepdefs.LoginStepdefs.iloginwithand(java.lang.String,java.lang.String)&amp#27;[0m
]]></system-out>
  </testcase>
</testsuite>